<?xml version="1.0" encoding="UTF-8"?>
<!-- Generated by org.testng.reporters.JUnitReportReporter -->
<testsuite hostname="DESKTOP-LAUHH40" failures="0" tests="1" name="Framework.E2EframeWork.ValidateTitle" time="0.081" errors="0" timestamp="2022-07-08T00:21:08 AEST" skipped="0">
  <testcase classname="Framework.E2EframeWork.ValidateTitle" name="ValidatePageTitle" time="0.081"/>
  <system-out/>
</testsuite> <!-- Framework.E2EframeWork.ValidateTitle -->
