<?xml version="1.0" encoding="UTF-8"?>
<!-- Generated by org.testng.reporters.JUnitReportReporter -->
<testsuite hostname="DESKTOP-LAUHH40" failures="0" tests="2" name="Framework.E2EframeWork.ValidateNavBarTest" time="0.654" errors="0" timestamp="2022-07-12T14:02:07 AEST" skipped="0">
  <testcase classname="Framework.E2EframeWork.ValidateNavBarTest" name="ValidatePageNavBar" time="0.653"/>
  <system-out/>
  <testcase classname="Framework.E2EframeWork.ValidateNavBarTest" name="ValidateTest2" time="0.001"/>
  <system-out/>
</testsuite> <!-- Framework.E2EframeWork.ValidateNavBarTest -->
