<?xml version="1.0" encoding="UTF-8"?>
<!-- Generated by org.testng.reporters.JUnitReportReporter -->
<testsuite hostname="DESKTOP-LAUHH40" failures="0" tests="3" name="Framework.E2EframeWork.HomePageTest" time="7.709" errors="0" timestamp="2022-07-12T14:02:07 AEST" skipped="0">
  <testcase classname="Framework.E2EframeWork.HomePageTest" name="LogInTry" time="4.900"/>
  <system-out/>
  <testcase classname="Framework.E2EframeWork.HomePageTest" name="LogInTry" time="2.798"/>
  <system-out/>
  <testcase classname="Framework.E2EframeWork.HomePageTest" name="LogInTryTest2" time="0.011"/>
  <system-out/>
</testsuite> <!-- Framework.E2EframeWork.HomePageTest -->
