<?xml version="1.0" encoding="UTF-8"?>
<!-- Generated by org.testng.reporters.JUnitReportReporter -->
<testsuite hostname="DESKTOP-LAUHH40" failures="0" tests="1" name="Framework.E2EframeWork.ValidateTitleTest" time="0.000" errors="0" timestamp="2022-07-12T01:22:43 AEST" skipped="1">
  <testcase classname="Framework.E2EframeWork.ValidateTitleTest" name="ValidatePageTitle" time="0.000">
    <skipped/>
  </testcase> <!-- ValidatePageTitle -->
  <system-out/>
</testsuite> <!-- Framework.E2EframeWork.ValidateTitleTest -->
